replace.py Log - Generated: 2026-01-22 14:34:23
================================================================================

(1) FOUND AND UPDATED PROPERTIES
----------------------------------------
  Name: MOUNT COLE CREEK @ CROWLANDS, ID: 415245
  Name: WATTLE CREEK @ NAVARRE, ID: 415238
  Name: AVOCA RIVER @ ARCHDALE JUNCTION, ID: 408206
  Name: CONCONGELLA CREEK @ STAWELL, ID: 415237
  Name: WIMMERA RIVER @ GLYNWYLLN, ID: 415206
  Name: AVOCA RIVER @ COONOOER, ID: 408200
  Name: AVOCA RIVER AT CHARLTON TOWNSHIP, ID: 408219
  Name: AVOCA RIVER @ CHARLTON, ID: 408212
  Name: RICHARDSON RIVER @ CARRS PLAINS, ID: 415226
  Name: AVON RIVER @ WIMMERA HIGHWAY, ID: 415220
  Name: BYPASS CHANNEL @ LAKE LONSDALE, ID: 415705
  Name: LAKE FYANS, ID: 415610
  Name: MOUNT WILLIAM CREEK @ MOKEPILLY, ID: 415252
  Name: WIMMERA RIVER @ GLENORCHY WEIR TAIL GAUGE, ID: 415201
  Name: MOUNT WILLIAM CREEK @ LAKE LONSDALE (HEAD GAUGE), ID: 415227
  Name: MOUNT WILLIAM CREEK @ LAKE LONSDALE (TAIL GAUGE), ID: 415203
  Name: WIMMERA RIVER @ EVERSLEY, ID: 415207
  Name: AVOCA RIVER @ AMPHITHEATRE, ID: 408202
  Name: FYANS CREEK @ LAKE BELLFIELD, ID: 415214
  Name: FYANS CREEK @ LAKE BELLFIELD (HEAD GAUGE), ID: 415229
  Name: FYANS CREEK @ FYANS CREEK, ID: 415250
  Name: MOORA OUTLET CHANNEL @ MOORA RESERVOIR, ID: 238702
  Name: MOORA MOORA CREEK @ MOORA MOORA RESERVOIR (H. GAUGE), ID: 238237
  Name: MACKENZIE RIVER @ WARTOOK RESERVOIR (HEAD GAUGE), ID: 415228
  Name: MACKENZIE RIVER @ WARTOOK RESERVOIR, ID: 415202
  Name: HOPKINS RIVER @ ARARAT, ID: 236219
  Name: SHEPHERDS CREEK @ WARRAK, ID: 415244
  Name: BET BET CREEK @ LILLICUR, ID: 407288
  Name: JIMMY CREEK @ JIMMY CREEK, ID: 238208
  Name: WANNON RIVER @ JIMMY CREEK, ID: 238207
  Name: WANNON DIVERSION PIPELINE @ OUTLET, ID: 415704
  Name: FYANS CREEK @ GRAMPIANS ROAD BRIDGE, ID: 415217
  Name: MOUNT EMU CREEK @ MENA PARK, ID: 236213
  Name: SIDESPRING CREEK @ MT COLE, ID: 236232
  Name: HOPKINS RIVER @ WICKLIFFE, ID: 236202
  Name: MOUNT EMU CREEK @ SKIPTON, ID: 236203
  Name: FIERY CREEK @ STREATHAM, ID: 236204
  Name: TAYLORS LAKE, ID: 415608
  Name: WIMMERA RIVER @ DRUNG DRUNG, ID: 415239
  Name: YARRIAMBIACK CREEK @ MURTOA (WIMMERA HIGHWAY), ID: 415241
  Name: GREEN LAKE (NEAR HORSHAM), ID: 415612
  Name: ROCKLANDS CHANNEL @ TOOLONDO LAKE INLET, ID: 238707
  Name: ROCKLANDS CHANNEL OUTFALL @ MT TALBOT CREEK, ID: 238711
  Name: BURNT CREEK @ WONWONDAH EAST, ID: 415223
  Name: MOORA CHANNEL @ BRIMPAEN, ID: 238716
  Name: GLENELG R @ FULHAM BRIDGE, ID: 238224
  Name: RICHARDSON RIVER @ BANYENA, ID: 415259
  Name: WIMMERA RIVER @ LOCHIEL RAILWAY BRIDGE, ID: 415246
  Name: WIMMERA RIVER @ TARRANYURK, ID: 415247
  Name: WIMMERA RIVER @ U/S OF DIMBOOLA, ID: 415256
  Name: OUTLET CREEK @ LAKE HINDMARSH, ID: 415222
  Name: GLENELG RIVER @ DERGHOLM, ID: 238211
  Name: GLENELG RIVER D/S BURKES BRIDGE, ID: 238249
  Name: GLENELG RIVER @ HARROW, ID: 238210
  Name: WIMMERA RIVER @ QUANTONG, ID: 415261
  Name: WIMMERA RIVER @ HORSHAM, ID: 415200
  Name: MACKENZIE RIVER @ MCKENZIE CREEK, ID: 415251
  Name: NORTON CREEK @ LOWER NORTON, ID: 415273

Total found and updated: 58

(2) NOT FOUND PROPERTIES
----------------------------------------
  Name: LANDSBOROUGH RD, ID: 415265A
  Name: BROWNS, ID: 415266A
  Name: MOUNT COLE CREEK AT CROWLANDS, ID: 579006
  Name: REDBANK CREEK @ REDBANK RESERVOIR H.G., ID: 408218A
  Name: NAVARRE, ID: 579010
  Name: ARCHDALE JUNCTION, ID: 81127
  Name: STAWELL, ID: 579008
  Name: WIMMERA RIVER AT GLYNWYLLN, ID: 579009
  Name: FRAMPTONS, ID: 415267A
  Name: YAWONG WEIR, ID: 578000
  Name: AVOCA RIVER AT CHARLTON TOWN, ID: 80106
  Name: AVOCA RIVER AT D/S CHARLTON, ID: 578001
  Name: RICHARDSON RIVER @ U/S RICHAVON WEIR, ID: 415260
  Name: RICHARDSON RIVER @ DONALD, ID: 415257
  Name: WIMMERA HWY, ID: 579012
  Name: RICHARDSON R U/S RICH AVON WEIR, ID: 578003
  Name: LAKE BATYO CATYO, ID: BATYO_CATYO
  Name: Lake Lonsdale, ID: LAKE_LONSDALE
  Name: LAKE FYANS, ID: LAKE_FYANS
  Name: ILLAWARRA, ID: 415253A
  Name: FORREST CREEK @ AMPHITHEATRE RES. H.G., ID: 408216A
  Name: SUGARLOAF CREEK @ SUGARLOAF RES. H.G., ID: 408217A
  Name: AVOCA RAIN GAUGE @ AVOCA WATER TREATMENT PLANT, ID: 408800
  Name: FRANKS GULLY CREEK @ LANDSBOROUGH RES. H.G., ID: 415275A
  Name: WEATHER STATION @ BELLFIELD RESERVOIR, ID: 415801
  Name: Lake Bellfield, ID: LAKE_BELLFIELD
  Name: FYANS CREEK AT FYAN'S CREEK, ID: 579007
  Name: WEATHER STATION @ WARTOOK RESERVOIR, ID: 415800
  Name: Wartook Reservoir, ID: WARTOOK
  Name: LEXTON RES. H.G., ID: 407326A
  Name: DOCTORS CK U/S LEXTON RESERVOIR, ID: 407303A
  Name: STONY CK U/S TALBOT, ID: 407315A
  Name: STONY C TABLOT RES., ID: 407334A
  Name: MC CALLUMS EVANSFORD, ID: 407314A
  Name: MCCALLUMS C EVAN RES, ID: 407333A
  Name: EVERSLEY, ID: 579005
  Name: LAKE BUNINJON @ CALVERT, ID: 236606
  Name: LAKE GOLDSMITH @ BEAUFORT, ID: 236603
  Name: MUSICAL GULLY CREEK @ MUSICAL GULLY RESERVOIR H.G., ID: 236228A
  Name: CAVE HILL CREEK @ MOUNT COLE, ID: 236231A
  Name: LONG GULLY CREEK @ THE GLUT, ID: 236230A
  Name: BRADY SWAMP @ GLENTHOMPSON, ID: 238601
  Name: LAKE BOLAC @ LAKE BOLAC, ID: 236600
  Name: CHINAMAN SWAMP @ WESTMERE, ID: 236610
  Name: MYUNA LANE SWAMP @ WOORNDOO, ID: 236611
  Name: TATYOON, ID: 589020
  Name: DRUNG DRUNG, ID: 579014
  Name: MOORA MOORA RESERVOIR, ID: MOORA
  Name: GREEN LAKE, ID: GREEN
  Name: Pine Lake, ID: PINE
  Name: DOCK LAKE, ID: DOCK
  Name: TAYLORS LAKE, ID: TAYLORS
  Name: BURNT CREEK AT WONWONDAH EAST, ID: 579011
  Name: TOOLONDO RESERVOIR, ID: TOOLONDO
  Name: GLENELG R @ FULHAM BRIDGE (BOTTOM EC PROBE), ID: 238224B
  Name: TATIARA CREEK AT BOX FARM, ID: A2391029
  Name: LAKE BULOKE @ DONALD, ID: 415604
  Name: DONALD-TCHUM CHANNEL @ D/S SCREW GATES, ID: 415712
  Name: LAKE ALBACUTYA @ RAINBOW, ID: 415601
  Name: LAKE HINDMARSH @ JEPARIT, ID: 415600
  Name: BARR CREEK AT CAPELS FLUME, ID: 407252A
  Name: GLENELG R @ HARROW (BOTTOM EC PROBE), ID: 238210A
  Name: KOIJAK CREEK AT RAINSFORD, ID: A2391040
  Name: KOIJAK CREEK AT WIMMERA HIGHWAY, ID: A2391038
  Name: GLENELG RIVER AT DERGHOLM, ID: 90142
  Name: LAKE CHARLEGRARK (HEAD GAUGE) @ BOOROOPKI, ID: 239201
  Name: MOSQUITO CREEK AT LANGKOOP HALL, ID: A2391076
  Name: MOSQUITO CREEK AT LANGKOOP, ID: A2391041
  Name: KOIJACK CREEK AT NEWLAND LAKE OUTFLOW CHANNEL, ID: A2391044
  Name: YALLA CREEK AT NORILLA, ID: A2391043
  Name: KOIJACK CREEK AT NEWLAND LAKE, ID: A2391065
  Name: KOIJAK CREEK AT WESTONS, ID: A2391039
  Name: LAKE NATIMUK @ HORSHAM, ID: 415602
  Name: MACKENZIE RIVER AT MCKENZIE CREEK, ID: 579017
  Name: WIMMERA RIVER AT WALMER, ID: 579000
  Name: WIMMERA RIVER AT QUANGTONG BRIDGE, ID: 579013

Total not found: 76

(3) PROPERTIES WITH MULTIPLE ID MATCHES IN links.csv
----------------------------------------

Total with multiple matches: 0
